
> ninety-days-app@0.1.0 dev
> next dev --turbopack

   ▲ Next.js 15.4.6 (Turbopack)
   - Local:        http://localhost:3000
   - Network:      http://192.168.8.101:3000
   - Environments: .env.local

 ✓ Starting...
 ✓ Ready in 2.8s
 ○ Compiling / ...
 ✓ Compiled / in 1765ms
 GET / 200 in 2336ms
 ○ Compiling /api/me ...
 ✓ Compiled /api/me in 1289ms
=== /api/me endpoint called ===
Custom session result: Found
Custom session sub: 2
User from custom session: Found: lakshitha@intervest.lk
Returning user: lakshitha@intervest.lk
 GET /api/me 200 in 2702ms
[next-auth][warn][DEBUG_ENABLED] 
https://next-auth.js.org/warnings#debug_enabled
Redirect callback: {
  url: 'http://localhost:3000/dashboard',
  baseUrl: 'http://localhost:3000'
}
 GET /api/auth/session 200 in 2791ms
=== /api/me endpoint called ===
Custom session result: Found
Custom session sub: 2
User from custom session: Found: lakshitha@intervest.lk
Returning user: lakshitha@intervest.lk
 GET /api/me 200 in 87ms
=== /api/me endpoint called ===
Custom session result: Found
Custom session sub: 2
User from custom session: Found: lakshitha@intervest.lk
Returning user: lakshitha@intervest.lk
 GET /api/me 200 in 101ms
 ✓ Compiled /api/logout in 110ms
 POST /api/logout 200 in 137ms
 GET / 200 in 54ms
=== /api/me endpoint called ===
Custom session result: Not found
Trying NextAuth session...
NextAuth session: Not found
No user found, returning 401
 GET /api/me 401 in 23ms
Redirect callback: {
  url: 'http://localhost:3000/dashboard',
  baseUrl: 'http://localhost:3000'
}
 GET /api/auth/session 200 in 32ms
=== /api/me endpoint called ===
Custom session result: Not found
Trying NextAuth session...
NextAuth session: Not found
No user found, returning 401
 GET /api/me 401 in 18ms
=== /api/me endpoint called ===
Custom session result: Not found
Trying NextAuth session...
NextAuth session: Not found
No user found, returning 401
 GET /api/me 401 in 22ms
 ✓ Compiled /login in 178ms
 GET /login 200 in 206ms
=== /api/me endpoint called ===
Custom session result: Not found
Trying NextAuth session...
NextAuth session: Not found
No user found, returning 401
 GET /api/me 401 in 17ms
 ✓ Compiled /api/login in 137ms
 POST /api/login 200 in 501ms
 GET / 200 in 28ms
 GET / 200 in 21ms
=== /api/me endpoint called ===
Custom session result: Found
Custom session sub: 2
User from custom session: Found: lakshitha@intervest.lk
Returning user: lakshitha@intervest.lk
 GET /api/me 200 in 28ms
=== /api/me endpoint called ===
=== /api/me endpoint called ===
Custom session result: Found
Custom session sub: 2
Custom session result: Found
Custom session sub: 2
User from custom session: Found: lakshitha@intervest.lk
Returning user: lakshitha@intervest.lk
 GET /api/me 200 in 30ms
User from custom session: Found: lakshitha@intervest.lk
Returning user: lakshitha@intervest.lk
 GET /api/me 200 in 33ms
=== /api/me endpoint called ===
=== /api/me endpoint called ===
Custom session result: Found
Custom session sub: 2
Custom session result: Found
Custom session sub: 2
User from custom session: Found: lakshitha@intervest.lk
Returning user: lakshitha@intervest.lk
 GET /api/me 200 in 39ms
User from custom session: Found: lakshitha@intervest.lk
Returning user: lakshitha@intervest.lk
 GET /api/me 200 in 40ms
 ✓ Compiled /okrt in 296ms
 GET /okrt 200 in 331ms
=== /api/me endpoint called ===
=== /api/me endpoint called ===
Custom session result: Found
Custom session sub: 2
Custom session result: Found
Custom session sub: 2
User from custom session: Found: lakshitha@intervest.lk
Returning user: lakshitha@intervest.lk
 GET /api/me 200 in 25ms
User from custom session: Found: lakshitha@intervest.lk
Returning user: lakshitha@intervest.lk
 GET /api/me 200 in 26ms
=== /api/me endpoint called ===
Custom session result: Found
Custom session sub: 2
User from custom session: Found: lakshitha@intervest.lk
Returning user: lakshitha@intervest.lk
 GET /api/me 200 in 31ms
 ✓ Compiled /api/okrt in 75ms
 GET /api/okrt 401 in 106ms
 GET /api/okrt 401 in 102ms
=== /api/me endpoint called ===
Custom session result: Not found
Trying NextAuth session...
NextAuth session: Not found
No user found, returning 401
 GET /api/me 401 in 2644ms
[?25h
